\BOOKMARK [0][-]{chapter.1}{\376\377\000O\000p\000e\000r\000a\000t\000i\000o\000n\000a\000l\000\040\000R\000e\000s\000p\000o\000n\000s\000i\000b\000i\000l\000i\000t\000i\000e\000s}{}% 1
\BOOKMARK [1][-]{section.1.1}{\376\377\000S\000t\000u\000d\000i\000o\000\040\000D\000i\000r\000e\000c\000t\000o\000r}{chapter.1}% 2
\BOOKMARK [1][-]{section.1.2}{\376\377\000P\000r\000o\000d\000u\000c\000e\000r}{chapter.1}% 3
\BOOKMARK [1][-]{section.1.3}{\376\377\000P\000A}{chapter.1}% 4
\BOOKMARK [1][-]{section.1.4}{\376\377\000P\000r\000e\000s\000e\000n\000t\000e\000r\000\040\000\050\000T\000a\000l\000e\000n\000t\000\051}{chapter.1}% 5
\BOOKMARK [1][-]{section.1.5}{\376\377\000F\000l\000o\000o\000r\000\040\000M\000a\000n\000a\000g\000e\000r}{chapter.1}% 6
\BOOKMARK [1][-]{section.1.6}{\376\377\000C\000a\000m\000e\000r\000a\000\040\000O\000p\000e\000r\000a\000t\000o\000r}{chapter.1}% 7
\BOOKMARK [0][-]{chapter.2}{\376\377\000O\000p\000e\000r\000a\000t\000i\000o\000n\000a\000l\000\040\000G\000u\000i\000d\000e\000s}{}% 8
\BOOKMARK [1][-]{section.2.1}{\376\377\000G\000e\000n\000e\000r\000a\000l}{chapter.2}% 9
\BOOKMARK [2][-]{subsection.2.1.1}{\376\377\000C\000o\000m\000m\000s}{section.2.1}% 10
\BOOKMARK [1][-]{section.2.2}{\376\377\000S\000t\000u\000d\000i\000o\000\040\000F\000l\000o\000o\000r}{chapter.2}% 11
\BOOKMARK [1][-]{section.2.3}{\376\377\000P\000r\000o\000d\000u\000c\000t\000i\000o\000n\000\040\000C\000o\000n\000t\000r\000o\000l\000\040\000R\000o\000o\000m}{chapter.2}% 12
\BOOKMARK [2][-]{subsection.2.3.1}{\376\377\000P\000r\000o\000d\000u\000c\000e\000r}{section.2.3}% 13
\BOOKMARK [2][-]{subsection.2.3.2}{\376\377\000P\000A}{section.2.3}% 14
\BOOKMARK [2][-]{subsection.2.3.3}{\376\377\000D\000i\000r\000e\000c\000t\000o\000r}{section.2.3}% 15
\BOOKMARK [2][-]{subsection.2.3.4}{\376\377\000V\000i\000s\000i\000o\000n\000\040\000M\000i\000x\000e\000r}{section.2.3}% 16
\BOOKMARK [2][-]{subsection.2.3.5}{\376\377\000E\000n\000g\000i\000n\000e\000e\000r}{section.2.3}% 17
\BOOKMARK [2][-]{subsection.2.3.6}{\376\377\000A\000u\000t\000o\000c\000u\000e\000\040\000O\000p\000e\000r\000a\000t\000o\000r}{section.2.3}% 18
\BOOKMARK [2][-]{subsection.2.3.7}{\376\377\000G\000F\000X\000\040\000O\000p\000e\000r\000a\000t\000o\000r}{section.2.3}% 19
\BOOKMARK [2][-]{subsection.2.3.8}{\376\377\000E\000V\000S\000\040\000O\000p\000e\000r\000a\000t\000o\000r}{section.2.3}% 20
\BOOKMARK [1][-]{section.2.4}{\376\377\000S\000o\000u\000n\000d\000\040\000C\000o\000n\000t\000r\000o\000l\000\040\000R\000o\000o\000m}{chapter.2}% 21
\BOOKMARK [2][-]{subsection.2.4.1}{\376\377\000S\000o\000u\000n\000d\000\040\000M\000i\000x\000e\000r}{section.2.4}% 22
\BOOKMARK [2][-]{subsection.2.4.2}{\376\377\000G\000r\000a\000m\000\040\000O\000p\000e\000r\000a\000t\000o\000r\000/\000C\000o\000m\000m\000s\000\040\000E\000n\000g\000i\000n\000e\000e\000r}{section.2.4}% 23
\BOOKMARK [1][-]{section.2.5}{\376\377\000V\000i\000s\000i\000o\000n\000\040\000C\000o\000n\000t\000r\000o\000l\000\040\000R\000o\000o\000m}{chapter.2}% 24
